<?xml version="1.0" encoding="UTF-8"?>
<coverage generated="1486557063245" clover="3.2.0">
  <project timestamp="1486557063246" name="All files">
    <metrics statements="15" coveredstatements="15" conditionals="6" coveredconditionals="6" methods="5" coveredmethods="5" elements="26" coveredelements="26" complexity="0" loc="15" ncloc="15" packages="1" files="1" classes="1">
      <file name="dataSort.js" path="/Users/nedpike/WDI_front/front/javascript/interviewSolution/hivery_challenge/app/dataSort.js">
        <metrics statements="15" coveredstatements="15" conditionals="6" coveredconditionals="6" methods="5" coveredmethods="5"/>
        <line num="1" count="1" type="stmt"/>
        <line num="4" count="2" type="stmt"/>
        <line num="6" count="54" type="stmt"/>
        <line num="7" count="28" type="stmt"/>
        <line num="10" count="26" type="stmt"/>
        <line num="11" count="5" type="stmt"/>
        <line num="13" count="21" type="stmt"/>
        <line num="14" count="18" type="stmt"/>
        <line num="21" count="2" type="stmt"/>
        <line num="22" count="20" type="stmt"/>
        <line num="27" count="1" type="stmt"/>
        <line num="29" count="1" type="stmt"/>
        <line num="31" count="10" type="stmt"/>
        <line num="39" count="10" type="stmt"/>
        <line num="41" count="1" type="stmt"/>
      </file>
    </metrics>
  </project>
</coverage>
