<?xml version="1.0" encoding="UTF-8"?>
<coverage generated="1486558378368" clover="3.2.0">
  <project timestamp="1486558378368" name="All files">
    <metrics statements="17" coveredstatements="17" conditionals="10" coveredconditionals="9" methods="5" coveredmethods="5" elements="32" coveredelements="31" complexity="0" loc="17" ncloc="17" packages="1" files="1" classes="1">
      <file name="dataSort.js" path="/Users/nedpike/WDI_front/front/javascript/interviewSolution/hivery_challenge/app/dataSort.js">
        <metrics statements="17" coveredstatements="17" conditionals="10" coveredconditionals="9" methods="5" coveredmethods="5"/>
        <line num="1" count="1" type="stmt"/>
        <line num="4" count="2" type="stmt"/>
        <line num="6" count="277" type="stmt"/>
        <line num="7" count="150" type="stmt"/>
        <line num="10" count="127" type="stmt"/>
        <line num="11" count="39" type="stmt"/>
        <line num="13" count="88" type="stmt"/>
        <line num="14" count="45" type="stmt"/>
        <line num="18" count="2" type="stmt"/>
        <line num="23" count="3" type="stmt"/>
        <line num="24" count="150" type="stmt"/>
        <line num="26" count="3" type="stmt"/>
        <line num="31" count="1" type="stmt"/>
        <line num="33" count="1" type="stmt"/>
        <line num="35" count="50" type="stmt"/>
        <line num="43" count="50" type="stmt"/>
        <line num="45" count="1" type="stmt"/>
      </file>
    </metrics>
  </project>
</coverage>
