{"/Users/nedpike/WDI_front/front/javascript/interviewSolution/hivery_challenge/app/dataSort.js": {"path":"/Users/nedpike/WDI_front/front/javascript/interviewSolution/hivery_challenge/app/dataSort.js","statementMap":{"0":{"start":{"line":1,"column":10},"end":{"line":1,"column":38}},"1":{"start":{"line":4,"column":18},"end":{"line":16,"column":4}},"2":{"start":{"line":6,"column":4},"end":{"line":8,"column":5}},"3":{"start":{"line":7,"column":6},"end":{"line":7,"column":81}},"4":{"start":{"line":10,"column":4},"end":{"line":12,"column":5}},"5":{"start":{"line":11,"column":6},"end":{"line":11,"column":16}},"6":{"start":{"line":13,"column":4},"end":{"line":15,"column":5}},"7":{"start":{"line":14,"column":6},"end":{"line":14,"column":15}},"8":{"start":{"line":18,"column":2},"end":{"line":18,"column":62}},"9":{"start":{"line":23,"column":20},"end":{"line":23,"column":39}},"10":{"start":{"line":24,"column":19},"end":{"line":24,"column":95}},"11":{"start":{"line":24,"column":42},"end":{"line":24,"column":94}},"12":{"start":{"line":26,"column":2},"end":{"line":26,"column":62}},"13":{"start":{"line":31,"column":22},"end":{"line":31,"column":24}},"14":{"start":{"line":33,"column":2},"end":{"line":44,"column":3}},"15":{"start":{"line":35,"column":4},"end":{"line":42,"column":6}},"16":{"start":{"line":43,"column":4},"end":{"line":43,"column":31}},"17":{"start":{"line":45,"column":2},"end":{"line":45,"column":30}}},"fnMap":{"0":{"name":"sortData","decl":{"start":{"line":3,"column":16},"end":{"line":3,"column":24}},"loc":{"start":{"line":3,"column":45},"end":{"line":19,"column":1}}},"1":{"name":"(anonymous_1)","decl":{"start":{"line":4,"column":28},"end":{"line":4,"column":29}},"loc":{"start":{"line":4,"column":52},"end":{"line":16,"column":3}}},"2":{"name":"searchPlanograms","decl":{"start":{"line":22,"column":16},"end":{"line":22,"column":32}},"loc":{"start":{"line":22,"column":46},"end":{"line":27,"column":1}}},"3":{"name":"(anonymous_3)","decl":{"start":{"line":24,"column":31},"end":{"line":24,"column":32}},"loc":{"start":{"line":24,"column":42},"end":{"line":24,"column":94}}},"4":{"name":"displayData","decl":{"start":{"line":30,"column":16},"end":{"line":30,"column":27}},"loc":{"start":{"line":30,"column":34},"end":{"line":46,"column":1}}}},"branchMap":{"0":{"loc":{"start":{"line":6,"column":4},"end":{"line":8,"column":5}},"type":"if","locations":[{"start":{"line":6,"column":4},"end":{"line":8,"column":5}},{"start":{"line":6,"column":4},"end":{"line":8,"column":5}}]},"1":{"loc":{"start":{"line":10,"column":4},"end":{"line":12,"column":5}},"type":"if","locations":[{"start":{"line":10,"column":4},"end":{"line":12,"column":5}},{"start":{"line":10,"column":4},"end":{"line":12,"column":5}}]},"2":{"loc":{"start":{"line":13,"column":4},"end":{"line":15,"column":5}},"type":"if","locations":[{"start":{"line":13,"column":4},"end":{"line":15,"column":5}},{"start":{"line":13,"column":4},"end":{"line":15,"column":5}}]},"3":{"loc":{"start":{"line":18,"column":9},"end":{"line":18,"column":61}},"type":"cond-expr","locations":[{"start":{"line":18,"column":31},"end":{"line":18,"column":51}},{"start":{"line":18,"column":54},"end":{"line":18,"column":61}}]},"4":{"loc":{"start":{"line":26,"column":9},"end":{"line":26,"column":61}},"type":"cond-expr","locations":[{"start":{"line":26,"column":31},"end":{"line":26,"column":51}},{"start":{"line":26,"column":54},"end":{"line":26,"column":61}}]}},"s":{"0":1,"1":2,"2":277,"3":150,"4":127,"5":39,"6":88,"7":45,"8":2,"9":3,"10":3,"11":150,"12":3,"13":1,"14":1,"15":50,"16":50,"17":1},"f":{"0":2,"1":277,"2":3,"3":150,"4":1},"b":{"0":[150,127],"1":[39,88],"2":[45,43],"3":[2,0],"4":[2,1]},"_coverageSchema":"332fd63041d2c1bcb487cc26dd0d5f7d97098a6c","hash":"344f88a847ef91a0bbd12290313186dd336191db"}
}
