{"/Users/nedpike/WDI_front/front/javascript/interviewSolution/hivery_challenge/app/dataSort.js": {"path":"/Users/nedpike/WDI_front/front/javascript/interviewSolution/hivery_challenge/app/dataSort.js","statementMap":{"0":{"start":{"line":1,"column":10},"end":{"line":1,"column":38}},"1":{"start":{"line":4,"column":2},"end":{"line":16,"column":5}},"2":{"start":{"line":6,"column":4},"end":{"line":8,"column":5}},"3":{"start":{"line":7,"column":6},"end":{"line":7,"column":81}},"4":{"start":{"line":10,"column":4},"end":{"line":12,"column":5}},"5":{"start":{"line":11,"column":6},"end":{"line":11,"column":16}},"6":{"start":{"line":13,"column":4},"end":{"line":15,"column":5}},"7":{"start":{"line":14,"column":6},"end":{"line":14,"column":15}},"8":{"start":{"line":21,"column":20},"end":{"line":21,"column":39}},"9":{"start":{"line":22,"column":2},"end":{"line":22,"column":86}},"10":{"start":{"line":22,"column":32},"end":{"line":22,"column":84}},"11":{"start":{"line":27,"column":22},"end":{"line":27,"column":24}},"12":{"start":{"line":29,"column":2},"end":{"line":40,"column":3}},"13":{"start":{"line":31,"column":4},"end":{"line":38,"column":6}},"14":{"start":{"line":39,"column":4},"end":{"line":39,"column":31}},"15":{"start":{"line":41,"column":2},"end":{"line":41,"column":30}}},"fnMap":{"0":{"name":"sortData","decl":{"start":{"line":3,"column":16},"end":{"line":3,"column":24}},"loc":{"start":{"line":3,"column":45},"end":{"line":17,"column":1}}},"1":{"name":"(anonymous_1)","decl":{"start":{"line":4,"column":19},"end":{"line":4,"column":20}},"loc":{"start":{"line":4,"column":43},"end":{"line":16,"column":3}}},"2":{"name":"searchPlanograms","decl":{"start":{"line":20,"column":16},"end":{"line":20,"column":32}},"loc":{"start":{"line":20,"column":46},"end":{"line":23,"column":1}}},"3":{"name":"(anonymous_3)","decl":{"start":{"line":22,"column":21},"end":{"line":22,"column":22}},"loc":{"start":{"line":22,"column":32},"end":{"line":22,"column":84}}},"4":{"name":"displayData","decl":{"start":{"line":26,"column":16},"end":{"line":26,"column":27}},"loc":{"start":{"line":26,"column":34},"end":{"line":42,"column":1}}}},"branchMap":{"0":{"loc":{"start":{"line":6,"column":4},"end":{"line":8,"column":5}},"type":"if","locations":[{"start":{"line":6,"column":4},"end":{"line":8,"column":5}},{"start":{"line":6,"column":4},"end":{"line":8,"column":5}}]},"1":{"loc":{"start":{"line":10,"column":4},"end":{"line":12,"column":5}},"type":"if","locations":[{"start":{"line":10,"column":4},"end":{"line":12,"column":5}},{"start":{"line":10,"column":4},"end":{"line":12,"column":5}}]},"2":{"loc":{"start":{"line":13,"column":4},"end":{"line":15,"column":5}},"type":"if","locations":[{"start":{"line":13,"column":4},"end":{"line":15,"column":5}},{"start":{"line":13,"column":4},"end":{"line":15,"column":5}}]}},"s":{"0":1,"1":2,"2":54,"3":28,"4":26,"5":5,"6":21,"7":18,"8":2,"9":2,"10":20,"11":1,"12":1,"13":10,"14":10,"15":1},"f":{"0":2,"1":54,"2":2,"3":20,"4":1},"b":{"0":[28,26],"1":[5,21],"2":[18,3]},"_coverageSchema":"332fd63041d2c1bcb487cc26dd0d5f7d97098a6c","hash":"9963a57e8f0ac3e418f01e103c1ab245ea1be4b9"}
}
