TN:
SF:/Users/nedpike/WDI_front/front/javascript/interviewSolution/hivery_challenge/app/dataSort.js
FN:3,sortData
FN:4,(anonymous_1)
FN:22,searchPlanograms
FN:24,(anonymous_3)
FN:30,displayData
FNF:5
FNH:5
FNDA:2,sortData
FNDA:277,(anonymous_1)
FNDA:3,searchPlanograms
FNDA:150,(anonymous_3)
FNDA:1,displayData
DA:1,1
DA:4,2
DA:6,277
DA:7,150
DA:10,127
DA:11,39
DA:13,88
DA:14,45
DA:18,2
DA:23,3
DA:24,150
DA:26,3
DA:31,1
DA:33,1
DA:35,50
DA:43,50
DA:45,1
LF:17
LH:17
BRDA:6,0,0,150
BRDA:6,0,1,127
BRDA:10,1,0,39
BRDA:10,1,1,88
BRDA:13,2,0,45
BRDA:13,2,1,43
BRDA:18,3,0,2
BRDA:18,3,1,0
BRDA:26,4,0,2
BRDA:26,4,1,1
BRF:10
BRH:9
end_of_record
