TN:
SF:/Users/nedpike/WDI_front/front/javascript/interviewSolution/hivery_challenge/app/dataSort.js
FN:3,sortData
FN:4,(anonymous_1)
FN:20,searchPlanograms
FN:22,(anonymous_3)
FN:26,displayData
FNF:5
FNH:5
FNDA:2,sortData
FNDA:54,(anonymous_1)
FNDA:2,searchPlanograms
FNDA:20,(anonymous_3)
FNDA:1,displayData
DA:1,1
DA:4,2
DA:6,54
DA:7,28
DA:10,26
DA:11,5
DA:13,21
DA:14,18
DA:21,2
DA:22,20
DA:27,1
DA:29,1
DA:31,10
DA:39,10
DA:41,1
LF:15
LH:15
BRDA:6,0,0,28
BRDA:6,0,1,26
BRDA:10,1,0,5
BRDA:10,1,1,21
BRDA:13,2,0,18
BRDA:13,2,1,3
BRF:6
BRH:6
end_of_record
